<?xml version="1.0" encoding="UTF-8"?>
<!-- Generated by org.testng.reporters.JUnitXMLReporter -->
<testsuite hostname="Impetus-I0183" name="TestNgMavenTest" tests="2" failures="0" timestamp="9 Oct 2015 06:37:06 GMT" time="0.031" errors="0">
  <testcase name="exampleOfTestNgMaven" time="0.016" classname="com.javacodegeeks.testng.maven.TestNgMavenExampleTest"/>
  <testcase name="oneMoreTest" time="0.0" classname="com.javacodegeeks.testng.maven.TestNgMavenSecondClass"/>
</testsuite> <!-- TestNgMavenTest -->
