<?xml version="1.0" encoding="UTF-8"?>
<!-- Generated by org.testng.reporters.JUnitXMLReporter -->
<testsuite hostname="Impetus-I0183" name="Command line test" tests="2" failures="0" timestamp="9 Oct 2015 06:31:36 GMT" time="0.015" errors="0">
  <testcase name="exampleOfTestNgMaven" time="0.015" classname="com.javacodegeeks.testng.maven.TestNgMavenExampleTest"/>
  <testcase name="oneMoreTest" time="0.0" classname="com.javacodegeeks.testng.maven.TestNgMavenSecondClass"/>
</testsuite> <!-- Command line test -->
