<?xml version="1.0" encoding="UTF-8"?>
<testng-results skipped="0" failed="0" total="2" passed="2">
  <reporter-output>
  </reporter-output>
  <suite name="TestNgMavenExampleSuite" duration-ms="31" started-at="2015-10-09T06:37:06Z" finished-at="2015-10-09T06:37:06Z">
    <groups>
    </groups>
    <test name="TestNgMavenTest" duration-ms="31" started-at="2015-10-09T06:37:06Z" finished-at="2015-10-09T06:37:06Z">
      <class name="com.javacodegeeks.testng.maven.TestNgMavenSecondClass">
        <test-method status="PASS" signature="oneMoreTest()[pri:0, instance:com.javacodegeeks.testng.maven.TestNgMavenSecondClass@59dccc75]" name="oneMoreTest" duration-ms="0" started-at="2015-10-09T12:07:06Z" finished-at="2015-10-09T12:07:06Z">
          <reporter-output>
          </reporter-output>
        </test-method> <!-- oneMoreTest -->
      </class> <!-- com.javacodegeeks.testng.maven.TestNgMavenSecondClass -->
      <class name="com.javacodegeeks.testng.maven.TestNgMavenExampleTest">
        <test-method status="PASS" signature="exampleOfTestNgMaven()[pri:0, instance:com.javacodegeeks.testng.maven.TestNgMavenExampleTest@19bf37e3]" name="exampleOfTestNgMaven" duration-ms="16" started-at="2015-10-09T12:07:06Z" finished-at="2015-10-09T12:07:06Z">
          <reporter-output>
          </reporter-output>
        </test-method> <!-- exampleOfTestNgMaven -->
      </class> <!-- com.javacodegeeks.testng.maven.TestNgMavenExampleTest -->
    </test> <!-- TestNgMavenTest -->
  </suite> <!-- TestNgMavenExampleSuite -->
</testng-results>
